PLUMED: PLUMED is starting
PLUMED: Version: 2.4.2 (git: Unknown) compiled on Jul 11 2018 at 19:09:03
PLUMED: Please cite this paper when using PLUMED [1]
PLUMED: For further information see the PLUMED web page at http://www.plumed.org
PLUMED: Root: /Users/gareth/MD_code/lammps-permanent/lammps/lib/plumed/plumed2-2.4.2/
PLUMED: For installed feature, see /Users/gareth/MD_code/lammps-permanent/lammps/lib/plumed/plumed2-2.4.2//src/config/config.txt
PLUMED: Molecular dynamics engine: LAMMPS
PLUMED: Precision of reals: 8
PLUMED: Running over 1 node
PLUMED: Number of threads: 1
PLUMED: Cache line size: 512
PLUMED: Number of atoms: 2004
PLUMED: File suffix: 
PLUMED: FILE: plumed-eng-ref.dat
PLUMED: Action ENERGY
PLUMED:   with label e
PLUMED:   Bibliography [2][3]
PLUMED: Action PRINT
PLUMED:   with label @1
PLUMED:   with stride 1
PLUMED:   with arguments e
PLUMED:   on file energy_ref
PLUMED:   with format  %8.4f
PLUMED: END FILE: plumed-eng-ref.dat
PLUMED: Timestep: 0.002000
PLUMED: KbT has not been set by the MD engine
PLUMED: It should be set by hand where needed
PLUMED: Relevant bibliography:
PLUMED:   [1] Tribello, Bonomi, Branduardi, Camilloni, and Bussi, Comput. Phys. Commun. 185, 604 (2014)
PLUMED:   [2] Bartels and Karplus, J. Phys. Chem. B 102, 865 (1998)
PLUMED:   [3] Bonomi and Parrinello, J. Comp. Chem. 30, 1615 (2009)
PLUMED: Please read and cite where appropriate!
PLUMED: Finished setup
PLUMED:                                               Cycles        Total      Average      Minumum      Maximum
PLUMED:                                                    1     0.013255     0.013255     0.013255     0.013255
PLUMED: 1 Prepare dependencies                           102     0.000280     0.000003     0.000001     0.000014
PLUMED: 2 Sharing data                                   102     0.002175     0.000021     0.000004     0.001661
PLUMED: 3 Waiting for data                               102     0.000469     0.000005     0.000000     0.000299
PLUMED: 4 Calculating (forward loop)                     102     0.001577     0.000015     0.000010     0.000117
PLUMED: 5 Applying (backward loop)                       102     0.004293     0.000042     0.000034     0.000088
PLUMED: 6 Update                                         102     0.001381     0.000014     0.000007     0.000152
